# JRE version: OpenJDK Runtime Environment Temurin-17.0.10+7 (17.0.10+7) (build 17.0.10+7)
# Java VM: OpenJDK 64-Bit Server VM Temurin-17.0.10+7 (17.0.10+7, mixed mode, emulated-client, tiered, compressed oops, compressed class ptrs, g1 gc, windows-amd64)
GC Precious Log:
 CPUs: 12 total, 12 available
 Memory: 7514M
 Large Page Support: Disabled
 NUMA Support: Disabled
 Compressed Oops: Enabled (32-bit)
 Heap Region Size: 1M
 Heap Min Capacity: 8M
 Heap Initial Capacity: 118M
 Heap Max Capacity: 1G
 Pre-touch: Disabled
 Parallel Workers: 10
 Concurrent Workers: 3
 Concurrent Refinement Workers: 10
 Periodic GC: Disabled
Heap:
 garbage-first heap   total 126976K, used 40307K [0x00000000c0000000, 0x0000000100000000)
  region size 1024K, 1 young (1024K), 0 survivors (0K)
 Metaspace       used 59954K, committed 60416K, reserved 1114112K
  class space    used 7496K, committed 7680K, reserved 1048576K
GC Heap History (20 events):
Event: 27152.239 GC heap before
{Heap before GC invocations=2506 (full 2436):
 garbage-first heap   total 126976K, used 40307K [0x00000000c0000000, 0x0000000100000000)
  region size 1024K, 1 young (1024K), 0 survivors (0K)
 Metaspace       used 59954K, committed 60416K, reserved 1114112K
  class space    used 7496K, committed 7680K, reserved 1048576K
}
Event: 27152.275 GC heap after
{Heap after GC invocations=2507 (full 2437):
 garbage-first heap   total 126976K, used 40307K [0x00000000c0000000, 0x0000000100000000)
  region size 1024K, 0 young (0K), 0 survivors (0K)
 Metaspace       used 59954K, committed 60416K, reserved 1114112K
  class space    used 7496K, committed 7680K, reserved 1048576K
}
Event: 27162.429 GC heap before
{Heap before GC invocations=2507 (full 2437):
 garbage-first heap   total 126976K, used 40307K [0x00000000c0000000, 0x0000000100000000)
  region size 1024K, 1 young (1024K), 0 survivors (0K)
 Metaspace       used 59954K, committed 60416K, reserved 1114112K
  class space    used 7496K, committed 7680K, reserved 1048576K
}
Event: 27162.469 GC heap after
{Heap after GC invocations=2508 (full 2438):
 garbage-first heap   total 126976K, used 40307K [0x00000000c0000000, 0x0000000100000000)
  region size 1024K, 0 young (0K), 0 survivors (0K)
 Metaspace       used 59954K, committed 60416K, reserved 1114112K
  class space    used 7496K, committed 7680K, reserved 1048576K
}
Event: 27172.624 GC heap before
{Heap before GC invocations=2508 (full 2438):
 garbage-first heap   total 126976K, used 40307K [0x00000000c0000000, 0x0000000100000000)
  region size 1024K, 1 young (1024K), 0 survivors (0K)
 Metaspace       used 59954K, committed 60416K, reserved 1114112K
  class space    used 7496K, committed 7680K, reserved 1048576K
}
Event: 27172.665 GC heap after
{Heap after GC invocations=2509 (full 2439):
 garbage-first heap   total 126976K, used 40307K [0x00000000c0000000, 0x0000000100000000)
  region size 1024K, 0 young (0K), 0 survivors (0K)
 Metaspace       used 59954K, committed 60416K, reserved 1114112K
  class space    used 7496K, committed 7680K, reserved 1048576K
}
Event: 27182.834 GC heap before
{Heap before GC invocations=2509 (full 2439):
 garbage-first heap   total 126976K, used 40307K [0x00000000c0000000, 0x0000000100000000)
  region size 1024K, 1 young (1024K), 0 survivors (0K)
 Metaspace       used 59954K, committed 60416K, reserved 1114112K
  class space    used 7496K, committed 7680K, reserved 1048576K
}
Event: 27182.877 GC heap after
{Heap after GC invocations=2510 (full 2440):
 garbage-first heap   total 126976K, used 40307K [0x00000000c0000000, 0x0000000100000000)
  region size 1024K, 0 young (0K), 0 survivors (0K)
 Metaspace       used 59954K, committed 60416K, reserved 1114112K
  class space    used 7496K, committed 7680K, reserved 1048576K
}
Event: 27193.033 GC heap before
{Heap before GC invocations=2510 (full 2440):
 garbage-first heap   total 126976K, used 40307K [0x00000000c0000000, 0x0000000100000000)
  region size 1024K, 1 young (1024K), 0 survivors (0K)
 Metaspace       used 59954K, committed 60416K, reserved 1114112K
  class space    used 7496K, committed 7680K, reserved 1048576K
}
Event: 27193.076 GC heap after
{Heap after GC invocations=2511 (full 2441):
 garbage-first heap   total 126976K, used 40307K [0x00000000c0000000, 0x0000000100000000)
  region size 1024K, 0 young (0K), 0 survivors (0K)
 Metaspace       used 59954K, committed 60416K, reserved 1114112K
  class space    used 7496K, committed 7680K, reserved 1048576K
}
Event: 27203.238 GC heap before
{Heap before GC invocations=2511 (full 2441):
 garbage-first heap   total 126976K, used 40307K [0x00000000c0000000, 0x0000000100000000)
  region size 1024K, 1 young (1024K), 0 survivors (0K)
 Metaspace       used 59954K, committed 60416K, reserved 1114112K
  class space    used 7496K, committed 7680K, reserved 1048576K
}
Event: 27203.283 GC heap after
{Heap after GC invocations=2512 (full 2442):
 garbage-first heap   total 126976K, used 40307K [0x00000000c0000000, 0x0000000100000000)
  region size 1024K, 0 young (0K), 0 survivors (0K)
 Metaspace       used 59954K, committed 60416K, reserved 1114112K
  class space    used 7496K, committed 7680K, reserved 1048576K
}
Event: 27213.442 GC heap before
{Heap before GC invocations=2512 (full 2442):
 garbage-first heap   total 126976K, used 40307K [0x00000000c0000000, 0x0000000100000000)
  region size 1024K, 1 young (1024K), 0 survivors (0K)
 Metaspace       used 59954K, committed 60416K, reserved 1114112K
  class space    used 7496K, committed 7680K, reserved 1048576K
}
Event: 27213.480 GC heap after
{Heap after GC invocations=2513 (full 2443):
 garbage-first heap   total 126976K, used 40307K [0x00000000c0000000, 0x0000000100000000)
  region size 1024K, 0 young (0K), 0 survivors (0K)
 Metaspace       used 59954K, committed 60416K, reserved 1114112K
  class space    used 7496K, committed 7680K, reserved 1048576K
}
Event: 27223.646 GC heap before
{Heap before GC invocations=2513 (full 2443):
 garbage-first heap   total 126976K, used 40307K [0x00000000c0000000, 0x0000000100000000)
  region size 1024K, 1 young (1024K), 0 survivors (0K)
 Metaspace       used 59954K, committed 60416K, reserved 1114112K
  class space    used 7496K, committed 7680K, reserved 1048576K
}
Event: 27223.695 GC heap after
{Heap after GC invocations=2514 (full 2444):
 garbage-first heap   total 126976K, used 40307K [0x00000000c0000000, 0x0000000100000000)
  region size 1024K, 0 young (0K), 0 survivors (0K)
 Metaspace       used 59954K, committed 60416K, reserved 1114112K
  class space    used 7496K, committed 7680K, reserved 1048576K
}
Event: 27233.853 GC heap before
{Heap before GC invocations=2514 (full 2444):
 garbage-first heap   total 126976K, used 40307K [0x00000000c0000000, 0x0000000100000000)
  region size 1024K, 1 young (1024K), 0 survivors (0K)
 Metaspace       used 59954K, committed 60416K, reserved 1114112K
  class space    used 7496K, committed 7680K, reserved 1048576K
}
Event: 27233.894 GC heap after
{Heap after GC invocations=2515 (full 2445):
 garbage-first heap   total 126976K, used 40307K [0x00000000c0000000, 0x0000000100000000)
  region size 1024K, 0 young (0K), 0 survivors (0K)
 Metaspace       used 59954K, committed 60416K, reserved 1114112K
  class space    used 7496K, committed 7680K, reserved 1048576K
}
Event: 27244.072 GC heap before
{Heap before GC invocations=2515 (full 2445):
 garbage-first heap   total 126976K, used 40307K [0x00000000c0000000, 0x0000000100000000)
  region size 1024K, 1 young (1024K), 0 survivors (0K)
 Metaspace       used 59954K, committed 60416K, reserved 1114112K
  class space    used 7496K, committed 7680K, reserved 1048576K
}
Event: 27244.118 GC heap after
{Heap after GC invocations=2516 (full 2446):
 garbage-first heap   total 126976K, used 40307K [0x00000000c0000000, 0x0000000100000000)
  region size 1024K, 0 young (0K), 0 survivors (0K)
 Metaspace       used 59954K, committed 60416K, reserved 1114112K
  class space    used 7496K, committed 7680K, reserved 1048576K
}

